2026/02/07 16:01:27 client: SyncAllChannels: Error: {"message":"feed request failed: status 404","cause":{},"kind":"RuntimeError"}
2026/02/07 16:51:02 auto summary failed: 4jrNpUqKteA: transcript not available for this video
2026/02/07 16:51:10 auto summary failed: C0Uchta2l68: transcript not available for this video
2026/02/07 16:51:19 auto summary failed: -2p33MN6N1Y: transcript not available for this video
2026/02/07 16:52:26 auto summary failed: 4jrNpUqKteA: transcript not available for this video
2026/02/07 16:52:35 auto summary failed: C0Uchta2l68: transcript not available for this video
2026/02/07 16:52:43 auto summary failed: -2p33MN6N1Y: transcript not available for this video
2026/02/07 16:53:51 auto summary failed: 4jrNpUqKteA: transcript not available for this video
2026/02/07 16:54:00 auto summary failed: C0Uchta2l68: transcript not available for this video
2026/02/07 16:54:08 auto summary failed: -2p33MN6N1Y: transcript not available for this video
2026/02/07 16:55:17 auto summary failed: 4jrNpUqKteA: transcript not available for this video
2026/02/07 16:55:25 auto summary failed: C0Uchta2l68: transcript not available for this video
2026/02/07 16:55:33 auto summary failed: -2p33MN6N1Y: transcript not available for this video
2026/02/07 17:04:34 auto summary failed: rAX7DgHWAdw: transcript not available for this video
2026/02/07 17:04:42 auto summary failed: Wgy_fS1lAEs: transcript not available for this video
2026/02/07 17:04:50 auto summary failed: FaHXWERKb1I: transcript not available for this video
2026/02/08 16:16:04 auto summary failed: iWBzTSUkHGs: transcript not available for this video
2026/02/08 16:17:12 auto summary failed: iWBzTSUkHGs: transcript not available for this video
2026/02/08 16:18:20 auto summary failed: iWBzTSUkHGs: transcript not available for this video
2026/02/08 16:19:28 auto summary failed: iWBzTSUkHGs: transcript not available for this video
2026/02/08 16:20:36 auto summary failed: iWBzTSUkHGs: transcript not available for this video
2026/02/08 16:21:44 auto summary failed: iWBzTSUkHGs: transcript not available for this video
2026/02/08 16:22:52 auto summary failed: iWBzTSUkHGs: transcript not available for this video
2026/02/08 16:24:00 auto summary failed: iWBzTSUkHGs: transcript not available for this video
2026/02/08 16:25:08 auto summary failed: iWBzTSUkHGs: transcript not available for this video
